INFO: [vitis-run 60-1548] Creating build summary session with primary output C:/Users/Goncalo/Documents/SEC/lab1_hls/axil_conv2D\axil_conv2D.hlsrun_csim_summary, at 11/28/24 17:20:09
INFO: [vitis-run 82-31] Launching vitis_hls: vitis_hls -nolog -run csim -work_dir C:/Users/Goncalo/Documents/SEC/lab1_hls/axil_conv2D -config C:/Users/Goncalo/Documents/SEC/lab1_hls/hls_config.cfg -cmdlineconfig C:/Users/Goncalo/Documents/SEC/lab1_hls/axil_conv2D/hls/config.cmdline

****** Vitis HLS - High-Level Synthesis from C, C++ and OpenCL v2024.1 (64-bit)
  **** SW Build 5069499 on May 21 2024
  **** IP Build 5075265 on Wed May 22 21:45:21 MDT 2024
  **** SharedData Build 5076995 on Wed May 22 18:29:18 MDT 2024
  **** Start of session at: Thu Nov 28 17:20:11 2024
    ** Copyright 1986-2022 Xilinx, Inc. All Rights Reserved.
    ** Copyright 2022-2024 Advanced Micro Devices, Inc. All Rights Reserved.

source C:/Xilinx/Vitis_HLS/2024.1/scripts/vitis_hls/hls.tcl -notrace
INFO: [HLS 200-10] For user 'Goncalo' on host 'desktop-9fniqpr' (Windows NT_amd64 version 10.0) on Thu Nov 28 17:20:12 +0000 2024
INFO: [HLS 200-10] In directory 'C:/Users/Goncalo/Documents/SEC/lab1_hls'
INFO: [HLS 200-2005] Using work_dir C:/Users/Goncalo/Documents/SEC/lab1_hls/axil_conv2D 
INFO: [HLS 200-1505] Using default flow_target 'vivado'
Resolution: For help on HLS 200-1505 see docs.xilinx.com/access/sources/dita/topic?Doc_Version=2024.1%20English&url=ug1448-hls-guidance&resourceid=200-1505.html
INFO: [HLS 200-1465] Applying ini 'syn.file=C:/Users/Goncalo/Documents/SEC/lab1_prof/hls/axil_conv2D.cpp' from C:/Users/Goncalo/Documents/SEC/lab1_hls/hls_config.cfg(8)
INFO: [HLS 200-10] Adding design file 'C:/Users/Goncalo/Documents/SEC/lab1_prof/hls/axil_conv2D.cpp' to the project
INFO: [HLS 200-1465] Applying ini 'syn.file=C:/Users/Goncalo/Documents/SEC/lab1_prof/hls/axil_conv2D.h' from C:/Users/Goncalo/Documents/SEC/lab1_hls/hls_config.cfg(9)
INFO: [HLS 200-10] Adding design file 'C:/Users/Goncalo/Documents/SEC/lab1_prof/hls/axil_conv2D.h' to the project
INFO: [HLS 200-1465] Applying ini 'tb.file=C:/Users/Goncalo/Documents/SEC/lab1_prof/hls/tb_axil_conv2D.cpp' from C:/Users/Goncalo/Documents/SEC/lab1_hls/hls_config.cfg(10)
INFO: [HLS 200-10] Adding test bench file 'C:/Users/Goncalo/Documents/SEC/lab1_prof/hls/tb_axil_conv2D.cpp' to the project
INFO: [HLS 200-1465] Applying ini 'syn.top=axil_conv2D' from C:/Users/Goncalo/Documents/SEC/lab1_hls/hls_config.cfg(7)
INFO: [HLS 200-1465] Applying ini 'flow_target=vivado' from C:/Users/Goncalo/Documents/SEC/lab1_hls/hls_config.cfg(4)
INFO: [HLS 200-1505] Using flow_target 'vivado'
Resolution: For help on HLS 200-1505 see docs.xilinx.com/access/sources/dita/topic?Doc_Version=2024.1%20English&url=ug1448-hls-guidance&resourceid=200-1505.html
INFO: [HLS 200-1465] Applying ini 'part=xc7z020clg400-1' from C:/Users/Goncalo/Documents/SEC/lab1_hls/hls_config.cfg(1)
INFO: [HLS 200-1611] Setting target device to 'xc7z020-clg400-1'
INFO: [HLS 200-1465] Applying ini 'clock=10ns' from C:/Users/Goncalo/Documents/SEC/lab1_hls/hls_config.cfg(11)
INFO: [SYN 201-201] Setting up clock 'default' with a period of 10ns.
INFO: [HLS 200-1465] Applying ini 'clock_uncertainty=27%' from C:/Users/Goncalo/Documents/SEC/lab1_hls/hls_config.cfg(12)
INFO: [SYN 201-201] Setting up clock 'default' with an uncertainty of 2.7ns.
INFO: [HLS 200-1465] Applying ini 'cosim.trace_level=all' from C:/Users/Goncalo/Documents/SEC/lab1_hls/hls_config.cfg(14)
INFO: [HLS 200-1465] Applying ini 'cosim.wave_debug=1' from C:/Users/Goncalo/Documents/SEC/lab1_hls/hls_config.cfg(13)
INFO: [HLS 200-1465] Applying ini 'package.output.format=ip_catalog' from C:/Users/Goncalo/Documents/SEC/lab1_hls/hls_config.cfg(5)
INFO: [SIM 211-2] *************** CSIM start ***************
INFO: [SIM 211-4] CSIM will launch CLANG as the compiler.
INFO: [HLS 200-2036] Building debug C Simulation binaries
   Compiling ../../../../../lab1_prof/hls/tb_axil_conv2D.cpp in debug mode
   Compiling ../../../../../lab1_prof/hls/axil_conv2D.cpp in debug mode
   Generating csim.exe
In file included from ../../../../../lab1_prof/hls/tb_axil_conv2D.cpp:10:
In file included from ../../../../../lab1_prof/hls/axil_conv2D.h:4:
In file included from C:/Xilinx/Vitis_HLS/2024.1/include/ap_int.h:10:
In file included from C:/Xilinx/Vitis_HLS/2024.1/include/etc/ap_common.h:658:
In file included from C:/Xilinx/Vitis_HLS/2024.1/include/etc/ap_private.h:68:
In file included from C:/Xilinx/Vitis_HLS/2024.1/include/hls_half.h:26:
In file included from C:/Xilinx/Vitis_HLS/2024.1/include/etc/hls_half_fpo.h:19:
In file included from C:/Xilinx/Vitis_HLS/2024.1/include/hls_fpo.h:140:
In file included from C:/Xilinx/Vitis_HLS/2024.1/include/floating_point_v7_1_bitacc_cmodel.h:150:
C:/Xilinx/Vitis_HLS/2024.1/include/gmp.h:58:9: warning: '__GMP_LIBGMP_DLL' macro redefined [-Wmacro-redefined]
#define __GMP_LIBGMP_DLL  0
        ^
C:/Xilinx/Vitis_HLS/2024.1/include/floating_point_v7_1_bitacc_cmodel.h:142:9: note: previous definition is here
#define __GMP_LIBGMP_DLL 1
        ^
1 warning generated.
In file included from ../../../../../lab1_prof/hls/axil_conv2D.cpp:10:
In file included from ../../../../../lab1_prof/hls/axil_conv2D.h:4:
In file included from C:/Xilinx/Vitis_HLS/2024.1/include/ap_int.h:10:
In file included from C:/Xilinx/Vitis_HLS/2024.1/include/etc/ap_common.h:658:
In file included from C:/Xilinx/Vitis_HLS/2024.1/include/etc/ap_private.h:68:
In file included from C:/Xilinx/Vitis_HLS/2024.1/include/hls_half.h:26:
In file included from C:/Xilinx/Vitis_HLS/2024.1/include/etc/hls_half_fpo.h:19:
In file included from C:/Xilinx/Vitis_HLS/2024.1/include/hls_fpo.h:140:
In file included from C:/Xilinx/Vitis_HLS/2024.1/include/floating_point_v7_1_bitacc_cmodel.h:150:
C:/Xilinx/Vitis_HLS/2024.1/include/gmp.h:58:9: warning: '__GMP_LIBGMP_DLL' macro redefined [-Wmacro-redefined]
#define __GMP_LIBGMP_DLL  0
        ^
C:/Xilinx/Vitis_HLS/2024.1/include/floating_point_v7_1_bitacc_cmodel.h:142:9: note: previous definition is here
#define __GMP_LIBGMP_DLL 1
        ^
1 warning generated.
Input Image
11 12 13 14 15 16 
21 22 23 24 25 26 
31 32 33 34 35 36 
41 42 43 44 45 46 
51 52 53 54 55 56 
61 62 63 64 65 66 
Output Image
  93   94   95   96 
 103  104  105  106 
 113  114  115  116 
 123  124  125  126 
INFO: [SIM 211-1] CSim done with 0 errors.
INFO: [SIM 211-3] *************** CSIM finish ***************
INFO: [HLS 200-112] Total CPU user time: 1 seconds. Total CPU system time: 0 seconds. Total elapsed time: 6.663 seconds; peak allocated memory: 175.367 MB.
INFO: [vitis-run 60-791] Total elapsed time: 0h 0m 11s
