dfgPass::INFOR: DFG Pass going to run on Module: C:\Users\Goncalo\Documents\SEC\lab1_hls\axil_conv2D\hls\csim\code_analyzer\.internal\instrument\app_0\project.symbols.bc
dfgPass::INFOR:     Getting ProgramContainer for application app
dfgPass::INFOR:     Parsing the provided input trace files...
dfgPass::INFOR:     Initializing InstructionCounter...
dfgPass::VERBO:     +0 is not a loop
dfgPass::VERBO:     +0 is not a loop
dfgPass::VERBO:     +0 is not a loop
dfgPass::VERBO:     +0 is not a loop
dfgPass::VERBO:     +0 is not a loop
dfgPass::VERBO:     +1 is not an innermost loop
dfgPass::VERBO:     +2 is not an innermost loop
dfgPass::VERBO:     +3 is not an innermost loop
dfgPass::VERBO:       - BEFORE BREAK
dfgPass::VERBO:       - for.cond7
dfgPass::VERBO:         - memlocal of :x:0
dfgPass::VERBO:         - LCV conditional branch 6:48
dfgPass::VERBO:       - AFTER BREAK
dfgPass::VERBO:       - for.body9
dfgPass::VERBO:         - memlocal of :k:0
dfgPass::VERBO:         - memlocal of :x:0
dfgPass::VERBO:         - memlocal of :kernel_1d_idx:1
dfgPass::VERBO:         - memlocal of :i:0
dfgPass::VERBO:         - memlocal of :k:0
dfgPass::VERBO:         - memlocal of :j:0
dfgPass::VERBO:         - memlocal of :x:0
dfgPass::VERBO:         - memlocal of :input_1d_idx:1
dfgPass::VERBO:         - memlocal of :kernel_1d_idx:0
dfgPass::VERBO:         - memlocal of :matrix_in:0
dfgPass::VERBO:         - memlocal of :input_1d_idx:0
dfgPass::VERBO:         - memlocal of :accum:0
dfgPass::VERBO:         - memlocal of :accum:1
dfgPass::VERBO:       - AFTER BREAK
dfgPass::VERBO:       - for.inc
dfgPass::VERBO:         - memlocal of :x:0
dfgPass::VERBO:         - memlocal of :x:1
dfgPass::VERBO:       - AFTER BREAK
dfgPass::VERBO:     +0 is not a loop
dfgPass::VERBO:     +1 is not an innermost loop
dfgPass::VERBO:     +2 is not an innermost loop
dfgPass::VERBO:     +3 fails R.hasBlockSchema
dfgPass::VERBO:     +4 is not an innermost loop
dfgPass::VERBO:     +5 is not an innermost loop
dfgPass::VERBO:       - BEFORE BREAK
dfgPass::VERBO:       - for.cond47
dfgPass::VERBO:         - memlocal of :j:0
dfgPass::VERBO:         - LCV conditional branch 6:48
dfgPass::VERBO:       - AFTER BREAK
dfgPass::VERBO:       - for.body49
dfgPass::VERBO:         - memlocal of :k:0
dfgPass::VERBO:         - memlocal of :i:0
dfgPass::VERBO:         - memlocal of :j:0
dfgPass::VERBO:         - invalid TR:4:0
dfgPass::VERBO:       - BEFORE BREAK
dfgPass::VERBO:       - for.cond25
dfgPass::VERBO:         - memlocal of :i:0
dfgPass::VERBO:         - LCV conditional branch 6:48
dfgPass::VERBO:       - AFTER BREAK
dfgPass::VERBO:       - for.body27
dfgPass::VERBO:         - memlocal of :i:0
dfgPass::VERBO:         - memlocal of :i:0
dfgPass::VERBO:         - invalid TR:4:0
dfgPass::VERBO:       - BEFORE BREAK
dfgPass::VERBO:       - for.cond12
dfgPass::VERBO:         - memlocal of :i:0
dfgPass::VERBO:         - LCV conditional branch 6:48
dfgPass::VERBO:       - AFTER BREAK
dfgPass::VERBO:       - for.body14
dfgPass::VERBO:         - memlocal of :i:0
dfgPass::VERBO:         - memlocal of :i:0
dfgPass::VERBO:         - invalid TR:4:0
dfgPass::VERBO:     +9 is not an innermost loop
dfgPass::VERBO:       - BEFORE BREAK
dfgPass::VERBO:       - for.cond2
dfgPass::VERBO:         - memlocal of :i:0
dfgPass::VERBO:         - LCV conditional branch 6:48
dfgPass::VERBO:       - AFTER BREAK
dfgPass::VERBO:       - for.body4
dfgPass::VERBO:         - memlocal of :file:0
dfgPass::VERBO:         - invalid TR:4:0
dfgPass::VERBO:     +0 is not a loop
dfgPass::VERBO:     +0 is not a loop
dfgPass::VERBO:     +0 is not a loop
dfgPass::VERBO:     +0 is not a loop
dfgPass::VERBO:     _ZN11ap_int_baseILi32ELb1EE18checkOverflowBaseCIiEEvT_ is skipped for analysis (only accesses local vars)
dfgPass::VERBO:     +0 is not a loop
dfgPass::VERBO:     +0 is not a loop
dfgPass::VERBO:     +0 is not a loop
dfgPass::VERBO:     _ZN10ap_privateILi32ELb1ELb1EE10set_canaryEv is skipped for analysis (only accesses local vars)
dfgPass::VERBO:     +0 is not a loop
dfgPass::VERBO:     _ZN10ap_privateILi32ELb1ELb1EE12check_canaryEv is skipped for analysis (only accesses local vars)
dfgPass::VERBO:     +0 is not a loop
dfgPass::VERBO:     +0 is not a loop
dfgPass::VERBO:     +0 is not a loop
dfgPass::VERBO:     +0 is not a loop
dfgPass::VERBO:     +0 is not a loop
dfgPass::VERBO:     +0 is not a loop
dfgPass::VERBO:     +0 is not a loop
dfgPass::VERBO:     +0 is not a loop
dfgPass::VERBO:     +1 is not an innermost loop
dfgPass::VERBO:     +2 is not an innermost loop
dfgPass::VERBO:     +3 is not an innermost loop
dfgPass::VERBO:       - BEFORE BREAK
dfgPass::VERBO:       - for.cond26
dfgPass::VERBO:         - memlocal of :x:0
dfgPass::VERBO:         - LCV conditional branch 6:48
dfgPass::VERBO:       - AFTER BREAK
dfgPass::VERBO:       - for.body28
dfgPass::VERBO:         - memlocal of :weights:0
dfgPass::VERBO:         - memlocal of :kernel_1d_idx:0
dfgPass::VERBO:         - memlocal of :image_in:0
dfgPass::VERBO:         - memlocal of :image_1d_idx:0
dfgPass::VERBO:         - memlocal of :unnamed:1
dfgPass::VERBO:         - memlocal of :unnamed:0
dfgPass::VERBO:         - memlocal of :acc:0
dfgPass::VERBO:         - memlocal of :acc:1
dfgPass::VERBO:       - AFTER BREAK
dfgPass::VERBO:       - for.inc
dfgPass::VERBO:         - memlocal of :x:0
dfgPass::VERBO:         - memlocal of :x:1
dfgPass::VERBO:         - memlocal may be aliased :unnamed
dfgPass::VERBO:         - memlocal of :kernel_1d_idx:0
dfgPass::VERBO:         - memlocal of :kernel_1d_idx:1
dfgPass::VERBO:         - memlocal may be aliased :unnamed
dfgPass::VERBO:         - memlocal may be aliased :unnamed
dfgPass::VERBO:         - memlocal may be aliased :unnamed
dfgPass::VERBO:         - memlocal of :image_1d_idx:0
dfgPass::VERBO:         - memlocal of :image_1d_idx:1
dfgPass::VERBO:         - memlocal may be aliased :unnamed
dfgPass::VERBO:         - memlocal of :unnamed:1
dfgPass::VERBO:         - memlocal of :unnamed:1
dfgPass::VERBO:       - AFTER BREAK
dfgPass::INFOR:     Parsing trace...
dfgPass::INFOR:     End of the trace parse
dfgPass::INFOR: Saving ProgramContainer...
