programModel::INFOR: Function __PROF_startup will be added to the ProgramContainer
programModel::INFOR: Function _GLOBAL__sub_I_axil_conv2D.cpp.6 will be added to the ProgramContainer
programModel::INFOR: Function __cxx_global_var_init.7 will be added to the ProgramContainer
programModel::INFOR: Function _GLOBAL__sub_I_axil_conv2D.cpp will be added to the ProgramContainer
programModel::INFOR: Function __cxx_global_var_init.2 will be added to the ProgramContainer
programModel::INFOR: Function _GLOBAL__sub_I_tb_axil_conv2D.cpp will be added to the ProgramContainer
programModel::INFOR: Function __cxx_global_var_init will be added to the ProgramContainer
programModel::INFOR: Function main will be added to the ProgramContainer
programModel::INFOR: Function _ZN6ap_intILi32EEC1Ei will be added to the ProgramContainer
programModel::INFOR: Function _ZN6ap_intILi32EEC2Ei will be added to the ProgramContainer
programModel::INFOR: Function _ZN11ap_int_baseILi32ELb1EEC2Ei will be added to the ProgramContainer
programModel::INFOR: Function _ZN10ap_privateILi32ELb1ELb1EEC1Ei will be added to the ProgramContainer
programModel::INFOR: Function _ZN10ap_privateILi32ELb1ELb1EEC2Ei will be added to the ProgramContainer
programModel::INFOR: Function _ZN10ap_privateILi32ELb1ELb1EE10set_canaryEv will be added to the ProgramContainer
programModel::INFOR: Function _ZN10ap_privateILi32ELb1ELb1EE15clearUnusedBitsEv will be added to the ProgramContainer
programModel::INFOR: Function _ZN10ap_privateILi32ELb1ELb1EE12check_canaryEv will be added to the ProgramContainer
programModel::INFOR: Function _ZN12ssdm_int_simILi32ELb1EEC2E10ap_privateILi32ELb1ELb1EE will be added to the ProgramContainer
programModel::INFOR: Function _ZN10ap_privateILi32ELb1ELb1EEaSEi will be added to the ProgramContainer
programModel::INFOR: Function _ZN11ap_int_baseILi32ELb1EE18checkOverflowBaseCIiEEvT_ will be added to the ProgramContainer
programModel::INFOR: Function _Z11axil_conv2DP7ap_uintILi8EES1_P6ap_intILi8EES2_ILi32EE will be added to the ProgramContainer
programModel::INFOR: Function _Z17sw_convolution_2DPKhPh will be added to the ProgramContainer
programModel::INFOR: Function _Z6printfPKcz will be added to the ProgramContainer
programModel::INFOR: Function _Z9saveAsPPMP6_iobufPh will be added to the ProgramContainer
programModel::INFOR: Function __dtor__ZStL8__ioinit will be added to the ProgramContainer
programModel::INFOR: Function __dtor__ZStL8__ioinit.4 will be added to the ProgramContainer
programModel::INFOR: Function __dtor__ZStL8__ioinit.9 will be added to the ProgramContainer
